17:13:16 **** Incremental Build of configuration Debug for project stm32_rosserial ****
Info: Internal Builder is used for build
arm-atollic-eabi-gcc -c ..\Libraries\STM32F4xx_StdPeriph_Driver\src\stm32f4xx_hash_sha1.c -mthumb -mcpu=cortex-m4 -mfloat-abi=hard -mfpu=fpv4-sp-d16 -std=gnu11 -DSTM32F4XX -DSTM32F40XX -DUSE_STDPERIPH_DRIVER -I../src -I../Libraries/CMSIS/Include -I../Libraries/ros_lib -I../Libraries/ros_lib/ros -I../Libraries/Device/STM32F4xx/Include -I../Libraries/STM32F4xx_StdPeriph_Driver/inc -O0 -ffunction-sections -fdata-sections -g -fstack-usage -Wall -specs=nano.specs -o Libraries\STM32F4xx_StdPeriph_Driver\src\stm32f4xx_hash_sha1.o 
arm-atollic-eabi-gcc -c ..\Libraries\STM32F4xx_StdPeriph_Driver\src\stm32f4xx_rtc.c -mthumb -mcpu=cortex-m4 -mfloat-abi=hard -mfpu=fpv4-sp-d16 -std=gnu11 -DSTM32F4XX -DSTM32F40XX -DUSE_STDPERIPH_DRIVER -I../src -I../Libraries/CMSIS/Include -I../Libraries/ros_lib -I../Libraries/ros_lib/ros -I../Libraries/Device/STM32F4xx/Include -I../Libraries/STM32F4xx_StdPeriph_Driver/inc -O0 -ffunction-sections -fdata-sections -g -fstack-usage -Wall -specs=nano.specs -o Libraries\STM32F4xx_StdPeriph_Driver\src\stm32f4xx_rtc.o 
arm-atollic-eabi-gcc -c ..\Libraries\STM32F4xx_StdPeriph_Driver\src\stm32f4xx_hash_md5.c -mthumb -mcpu=cortex-m4 -mfloat-abi=hard -mfpu=fpv4-sp-d16 -std=gnu11 -DSTM32F4XX -DSTM32F40XX -DUSE_STDPERIPH_DRIVER -I../src -I../Libraries/CMSIS/Include -I../Libraries/ros_lib -I../Libraries/ros_lib/ros -I../Libraries/Device/STM32F4xx/Include -I../Libraries/STM32F4xx_StdPeriph_Driver/inc -O0 -ffunction-sections -fdata-sections -g -fstack-usage -Wall -specs=nano.specs -o Libraries\STM32F4xx_StdPeriph_Driver\src\stm32f4xx_hash_md5.o 
arm-atollic-eabi-gcc -c ..\Libraries\STM32F4xx_StdPeriph_Driver\src\stm32f4xx_usart.c -mthumb -mcpu=cortex-m4 -mfloat-abi=hard -mfpu=fpv4-sp-d16 -std=gnu11 -DSTM32F4XX -DSTM32F40XX -DUSE_STDPERIPH_DRIVER -I../src -I../Libraries/CMSIS/Include -I../Libraries/ros_lib -I../Libraries/ros_lib/ros -I../Libraries/Device/STM32F4xx/Include -I../Libraries/STM32F4xx_StdPeriph_Driver/inc -O0 -ffunction-sections -fdata-sections -g -fstack-usage -Wall -specs=nano.specs -o Libraries\STM32F4xx_StdPeriph_Driver\src\stm32f4xx_usart.o 
arm-atollic-eabi-gcc -c ..\Libraries\STM32F4xx_StdPeriph_Driver\src\stm32f4xx_flash.c -mthumb -mcpu=cortex-m4 -mfloat-abi=hard -mfpu=fpv4-sp-d16 -std=gnu11 -DSTM32F4XX -DSTM32F40XX -DUSE_STDPERIPH_DRIVER -I../src -I../Libraries/CMSIS/Include -I../Libraries/ros_lib -I../Libraries/ros_lib/ros -I../Libraries/Device/STM32F4xx/Include -I../Libraries/STM32F4xx_StdPeriph_Driver/inc -O0 -ffunction-sections -fdata-sections -g -fstack-usage -Wall -specs=nano.specs -o Libraries\STM32F4xx_StdPeriph_Driver\src\stm32f4xx_flash.o 
arm-atollic-eabi-gcc -c ..\Libraries\STM32F4xx_StdPeriph_Driver\src\stm32f4xx_cryp.c -mthumb -mcpu=cortex-m4 -mfloat-abi=hard -mfpu=fpv4-sp-d16 -std=gnu11 -DSTM32F4XX -DSTM32F40XX -DUSE_STDPERIPH_DRIVER -I../src -I../Libraries/CMSIS/Include -I../Libraries/ros_lib -I../Libraries/ros_lib/ros -I../Libraries/Device/STM32F4xx/Include -I../Libraries/STM32F4xx_StdPeriph_Driver/inc -O0 -ffunction-sections -fdata-sections -g -fstack-usage -Wall -specs=nano.specs -o Libraries\STM32F4xx_StdPeriph_Driver\src\stm32f4xx_cryp.o 
arm-atollic-eabi-gcc -c ..\src\system_stm32f4xx.c -mthumb -mcpu=cortex-m4 -mfloat-abi=hard -mfpu=fpv4-sp-d16 -std=gnu11 -DSTM32F4XX -DSTM32F40XX -DUSE_STDPERIPH_DRIVER -I../src -I../Libraries/CMSIS/Include -I../Libraries/ros_lib -I../Libraries/ros_lib/ros -I../Libraries/Device/STM32F4xx/Include -I../Libraries/STM32F4xx_StdPeriph_Driver/inc -O0 -ffunction-sections -fdata-sections -g -fstack-usage -Wall -specs=nano.specs -o src\system_stm32f4xx.o 
arm-atollic-eabi-gcc -c ..\Libraries\STM32F4xx_StdPeriph_Driver\src\stm32f4xx_exti.c -mthumb -mcpu=cortex-m4 -mfloat-abi=hard -mfpu=fpv4-sp-d16 -std=gnu11 -DSTM32F4XX -DSTM32F40XX -DUSE_STDPERIPH_DRIVER -I../src -I../Libraries/CMSIS/Include -I../Libraries/ros_lib -I../Libraries/ros_lib/ros -I../Libraries/Device/STM32F4xx/Include -I../Libraries/STM32F4xx_StdPeriph_Driver/inc -O0 -ffunction-sections -fdata-sections -g -fstack-usage -Wall -specs=nano.specs -o Libraries\STM32F4xx_StdPeriph_Driver\src\stm32f4xx_exti.o 
arm-atollic-eabi-gcc -c ..\Libraries\STM32F4xx_StdPeriph_Driver\src\stm32f4xx_dbgmcu.c -mthumb -mcpu=cortex-m4 -mfloat-abi=hard -mfpu=fpv4-sp-d16 -std=gnu11 -DSTM32F4XX -DSTM32F40XX -DUSE_STDPERIPH_DRIVER -I../src -I../Libraries/CMSIS/Include -I../Libraries/ros_lib -I../Libraries/ros_lib/ros -I../Libraries/Device/STM32F4xx/Include -I../Libraries/STM32F4xx_StdPeriph_Driver/inc -O0 -ffunction-sections -fdata-sections -g -fstack-usage -Wall -specs=nano.specs -o Libraries\STM32F4xx_StdPeriph_Driver\src\stm32f4xx_dbgmcu.o 
..\src\system_stm32f4xx.c: In function 'SetSysClock':
..\src\system_stm32f4xx.c:408:5: warning: this 'while' clause does not guard... [-Wmisleading-indentation]
     while ((RCC->CFGR & (uint32_t)RCC_CFGR_SWS ) != RCC_CFGR_SWS_PLL);
     ^~~~~
..\src\system_stm32f4xx.c:409:5: note: ...this statement, but the latter is misleadingly indented as if it is guarded by the 'while'
     {
     ^
arm-atollic-eabi-gcc -c ..\Libraries\STM32F4xx_StdPeriph_Driver\src\stm32f4xx_pwr.c -mthumb -mcpu=cortex-m4 -mfloat-abi=hard -mfpu=fpv4-sp-d16 -std=gnu11 -DSTM32F4XX -DSTM32F40XX -DUSE_STDPERIPH_DRIVER -I../src -I../Libraries/CMSIS/Include -I../Libraries/ros_lib -I../Libraries/ros_lib/ros -I../Libraries/Device/STM32F4xx/Include -I../Libraries/STM32F4xx_StdPeriph_Driver/inc -O0 -ffunction-sections -fdata-sections -g -fstack-usage -Wall -specs=nano.specs -o Libraries\STM32F4xx_StdPeriph_Driver\src\stm32f4xx_pwr.o 
arm-atollic-eabi-gcc -c ..\Libraries\STM32F4xx_StdPeriph_Driver\src\stm32f4xx_cryp_aes.c -mthumb -mcpu=cortex-m4 -mfloat-abi=hard -mfpu=fpv4-sp-d16 -std=gnu11 -DSTM32F4XX -DSTM32F40XX -DUSE_STDPERIPH_DRIVER -I../src -I../Libraries/CMSIS/Include -I../Libraries/ros_lib -I../Libraries/ros_lib/ros -I../Libraries/Device/STM32F4xx/Include -I../Libraries/STM32F4xx_StdPeriph_Driver/inc -O0 -ffunction-sections -fdata-sections -g -fstack-usage -Wall -specs=nano.specs -o Libraries\STM32F4xx_StdPeriph_Driver\src\stm32f4xx_cryp_aes.o 
arm-atollic-eabi-gcc -c ..\Libraries\STM32F4xx_StdPeriph_Driver\src\stm32f4xx_dcmi.c -mthumb -mcpu=cortex-m4 -mfloat-abi=hard -mfpu=fpv4-sp-d16 -std=gnu11 -DSTM32F4XX -DSTM32F40XX -DUSE_STDPERIPH_DRIVER -I../src -I../Libraries/CMSIS/Include -I../Libraries/ros_lib -I../Libraries/ros_lib/ros -I../Libraries/Device/STM32F4xx/Include -I../Libraries/STM32F4xx_StdPeriph_Driver/inc -O0 -ffunction-sections -fdata-sections -g -fstack-usage -Wall -specs=nano.specs -o Libraries\STM32F4xx_StdPeriph_Driver\src\stm32f4xx_dcmi.o 
arm-atollic-eabi-gcc -c ..\Libraries\STM32F4xx_StdPeriph_Driver\src\stm32f4xx_can.c -mthumb -mcpu=cortex-m4 -mfloat-abi=hard -mfpu=fpv4-sp-d16 -std=gnu11 -DSTM32F4XX -DSTM32F40XX -DUSE_STDPERIPH_DRIVER -I../src -I../Libraries/CMSIS/Include -I../Libraries/ros_lib -I../Libraries/ros_lib/ros -I../Libraries/Device/STM32F4xx/Include -I../Libraries/STM32F4xx_StdPeriph_Driver/inc -O0 -ffunction-sections -fdata-sections -g -fstack-usage -Wall -specs=nano.specs -o Libraries\STM32F4xx_StdPeriph_Driver\src\stm32f4xx_can.o 
arm-atollic-eabi-gcc -c ..\src\stm32f4xx_it.c -mthumb -mcpu=cortex-m4 -mfloat-abi=hard -mfpu=fpv4-sp-d16 -std=gnu11 -DSTM32F4XX -DSTM32F40XX -DUSE_STDPERIPH_DRIVER -I../src -I../Libraries/CMSIS/Include -I../Libraries/ros_lib -I../Libraries/ros_lib/ros -I../Libraries/Device/STM32F4xx/Include -I../Libraries/STM32F4xx_StdPeriph_Driver/inc -O0 -ffunction-sections -fdata-sections -g -fstack-usage -Wall -specs=nano.specs -o src\stm32f4xx_it.o 
arm-atollic-eabi-gcc -c ..\Libraries\STM32F4xx_StdPeriph_Driver\src\stm32f4xx_adc.c -mthumb -mcpu=cortex-m4 -mfloat-abi=hard -mfpu=fpv4-sp-d16 -std=gnu11 -DSTM32F4XX -DSTM32F40XX -DUSE_STDPERIPH_DRIVER -I../src -I../Libraries/CMSIS/Include -I../Libraries/ros_lib -I../Libraries/ros_lib/ros -I../Libraries/Device/STM32F4xx/Include -I../Libraries/STM32F4xx_StdPeriph_Driver/inc -O0 -ffunction-sections -fdata-sections -g -fstack-usage -Wall -specs=nano.specs -o Libraries\STM32F4xx_StdPeriph_Driver\src\stm32f4xx_adc.o 
arm-atollic-eabi-gcc -c ..\Libraries\STM32F4xx_StdPeriph_Driver\src\misc.c -mthumb -mcpu=cortex-m4 -mfloat-abi=hard -mfpu=fpv4-sp-d16 -std=gnu11 -DSTM32F4XX -DSTM32F40XX -DUSE_STDPERIPH_DRIVER -I../src -I../Libraries/CMSIS/Include -I../Libraries/ros_lib -I../Libraries/ros_lib/ros -I../Libraries/Device/STM32F4xx/Include -I../Libraries/STM32F4xx_StdPeriph_Driver/inc -O0 -ffunction-sections -fdata-sections -g -fstack-usage -Wall -specs=nano.specs -o Libraries\STM32F4xx_StdPeriph_Driver\src\misc.o 
arm-atollic-eabi-gcc -c ..\Libraries\STM32F4xx_StdPeriph_Driver\src\stm32f4xx_fsmc.c -mthumb -mcpu=cortex-m4 -mfloat-abi=hard -mfpu=fpv4-sp-d16 -std=gnu11 -DSTM32F4XX -DSTM32F40XX -DUSE_STDPERIPH_DRIVER -I../src -I../Libraries/CMSIS/Include -I../Libraries/ros_lib -I../Libraries/ros_lib/ros -I../Libraries/Device/STM32F4xx/Include -I../Libraries/STM32F4xx_StdPeriph_Driver/inc -O0 -ffunction-sections -fdata-sections -g -fstack-usage -Wall -specs=nano.specs -o Libraries\STM32F4xx_StdPeriph_Driver\src\stm32f4xx_fsmc.o 
arm-atollic-eabi-gcc -c ..\Libraries\STM32F4xx_StdPeriph_Driver\src\stm32f4xx_syscfg.c -mthumb -mcpu=cortex-m4 -mfloat-abi=hard -mfpu=fpv4-sp-d16 -std=gnu11 -DSTM32F4XX -DSTM32F40XX -DUSE_STDPERIPH_DRIVER -I../src -I../Libraries/CMSIS/Include -I../Libraries/ros_lib -I../Libraries/ros_lib/ros -I../Libraries/Device/STM32F4xx/Include -I../Libraries/STM32F4xx_StdPeriph_Driver/inc -O0 -ffunction-sections -fdata-sections -g -fstack-usage -Wall -specs=nano.specs -o Libraries\STM32F4xx_StdPeriph_Driver\src\stm32f4xx_syscfg.o 
arm-atollic-eabi-gcc -c ..\src\main.c -mthumb -mcpu=cortex-m4 -mfloat-abi=hard -mfpu=fpv4-sp-d16 -std=gnu11 -DSTM32F4XX -DSTM32F40XX -DUSE_STDPERIPH_DRIVER -I../src -I../Libraries/CMSIS/Include -I../Libraries/ros_lib -I../Libraries/ros_lib/ros -I../Libraries/Device/STM32F4xx/Include -I../Libraries/STM32F4xx_StdPeriph_Driver/inc -O0 -ffunction-sections -fdata-sections -g -fstack-usage -Wall -specs=nano.specs -o src\main.o 
In file included from ../Libraries/ros_lib/std_msgs/Time.h:7:0,
                 from ../Libraries/ros_lib/ros/node_handle.h:40,
                 from ../Libraries/ros_lib/ros.h:11,
                 from ..\src\main.c:33:
../Libraries/ros_lib/ros/msg.h:41:1: error: unknown type name 'namespace'
 namespace ros
 ^~~~~~~~~
../Libraries/ros_lib/ros/msg.h:42:1: error: expected '=', ',', ';', 'asm' or '__attribute__' before '{' token
 {
 ^
In file included from ../Libraries/ros_lib/std_msgs/Time.h:8:0,
                 from ../Libraries/ros_lib/ros/node_handle.h:40,
                 from ../Libraries/ros_lib/ros.h:11,
                 from ..\src\main.c:33:
../Libraries/ros_lib/ros/time.h:38:34: fatal error: ros_lib/ros/duration.h: No such file or directory
 #include "ros_lib/ros/duration.h"
                                  ^
compilation terminated.
Info: Parallel threads used: 4

17:13:19 Build Finished (took 2s.802ms)

